<?xml version="1.0" encoding="UTF-8"?>
<testsuite xmlns:xsi="http://www.w3.org/2001/XMLSchema-instance" xsi:noNamespaceSchemaLocation="https://maven.apache.org/surefire/maven-surefire-plugin/xsd/surefire-test-report.xsd" name="it.millsoft.orders.ms.write.test.integration.OrdersWriteService_IntegrationTest" time="24.25" tests="2" errors="0" skipped="0" failures="0">
  <properties>
[...]
</properties>
  <testcase name="placeOrder_AppendEventToExistingStream_ShouldThrowAnException" classname="it.millsoft.orders.ms.write.test.integration.OrdersWriteService_IntegrationTest" time="1.505"/>
  <testcase name="placeOrder_AppendEventToNotExistingStream_ShouldReturnTheAppendedEventId" classname="it.millsoft.orders.ms.write.test.integration.OrdersWriteService_IntegrationTest" time="0.015"/>
</testsuite>